     1                                 %line 1+1 main.asm
     2                                 [section .data]
     3 00000000 48656C6C6F2C20          hello db 'Hello, '
     4 00000007 456E746572206E616D-     msg db 'Enter name: '
     5 00000007 653A20             
     6                                 
     7                                 [section .bss]
     8 00000000 <gap>                   input resb 1
     9                                 
    10                                 [section .text]
    11                                 [global _start]
    12                                 
    13                                 _start:
    14                                 
    15 00000000 48C7C001000000          mov rax, 1
    16 00000007 48C7C701000000          mov rdi, 1
    17 0000000E 48C7C6[00000000]        mov rsi, msg
    18 00000015 48C7C20C000000          mov rdx, 12
    19 0000001C 0F05                    syscall
    20                                 
    21 0000001E 48C7C000000000          mov rax, 0
    22 00000025 48C7C700000000          mov rdi, 0
    23 0000002C 48C7C6[00000000]        mov rsi, input
    24 00000033 48C7C214000000          mov rdx, 20
    25 0000003A 0F05                    syscall
    26                                 
    27 0000003C 48C7C001000000          mov rax, 1
    28 00000043 48C7C701000000          mov rdi, 1
    29 0000004A 48C7C6[00000000]        mov rsi, hello
    30 00000051 48C7C207000000          mov rdx, 7
    31 00000058 0F05                    syscall
    32                                 
    33 0000005A 48C7C001000000          mov rax, 1
    34 00000061 48C7C701000000          mov rdi, 1
    35 00000068 48C7C6[00000000]        mov rsi, input
    36 0000006F 48C7C214000000          mov rdx, 20
    37 00000076 0F05                    syscall
    38                                 
    39 00000078 48C7C03C000000          mov rax, 60
    40 0000007F 48C7C700000000          mov rdi, 0
    41 00000086 0F05                    syscall
