     1                                 %line 1+1 MaxArray.asm
     2                                 [section .data]
     3 00000000 E8030000EE020000F4-     list dd 1000, 750, 500, 250, 1250, 1500
     4 00000000 010000FA000000E204-
     5 00000000 0000DC050000       
     6 00000018 0000                    min dw 0
     7 0000001A 0000                    max dw 0
     8                                 
     9                                 [section .text]
    10                                 [global _start]
    11                                 
    12                                 _start:
    13 00000000 48C7C3[00000000]        mov rbx, list
    14 00000007 48C7C600000000          mov rsi, 0
    15 0000000E 48C7C106000000          mov rcx, 6
    16 00000015 B800000000              mov eax, 0
    17                                  lp:
    18 0000001A 8B04B3                  mov eax, dword[rbx + rsi * 4]
    19 0000001D 3B0425[00000000]        cmp eax, dword[min]
    20 00000024 7C0C                    jl min_
    21 00000026 3B0425[00000000]        cmp eax, dword[max]
    22 0000002D 7F0F                    jg max_
    23 0000002F 48FFC6                  inc rsi
    24 00000032 E2E4                    loop lp
    25                                  min_:
    26 00000034 890425[00000000]        mov dword[min], eax
    27 0000003B 48FFC6                  inc rsi
    28 0000003E EBD8                    jmp lp
    29                                  max_:
    30 00000040 890425[00000000]        mov dword[max], eax
    31 00000047 48FFC6                  inc rsi
    32 0000004A EBCC                    jmp lp
    33                                 
    34 0000004C 48C7C03C000000          mov rax, 60
    35 00000053 48C7C600000000          mov rsi, 0
    36 0000005A 0F05                    syscall
