     1                                 %line 1+1 multiplication.asm
     2                                 
     3                                 
     4                                 
     5                                 
     6                                 
     7                                 
     8                                 [section .data]
     9 00000000 E0930400                num1 dd 300000
    10 00000004 801A0600                num2 dd 400000
    11 00000008 0000000000000000        mult dq 0
    12                                 
    13                                 [section .text]
    14                                 [global _start]
    15                                 
    16                                 _start:
    17 00000000 8B0425[00000000]        mov eax, dword[num1]
    18 00000007 F72425[00000000]        mul dword[num2]
    19 0000000E 890425[00000000]        mov dword[mult + 0], eax
    20 00000015 891425[04000000]        mov dword[mult + 4], edx
    21                                 
    22 0000001C 48C7C03C000000          mov rax, 60
    23 00000023 48C7C700000000          mov rdi, 0
    24 0000002A 0F05                    syscall
