     1                                 %line 1+1 print.asm
     2                                 
     3                                 
     4                                 
     5                                 
     6                                 
     7                                 
     8                                 
     9                                 
    10                                 
    11                                 
    12                                 [section .data]
    13 00000000 31202B2032202B2033-     str1 db "1 + 2 + 3 +...+ 100 = "
    14 00000000 202B2E2E2E2B203130-
    15 00000000 30203D20           
    16 00000016 0000                    sum dw 0
    17 00000018 303030300A              ascii db "0000", 10
    18                                 
    19                                 [section .text]
    20                                 [global _start]
    21                                 
    22                                 _start:
    23 00000000 66B90100                mov cx, 1
    24                                 
    25                                  doloop:
    26 00000004 66010C25[00000000]      add word[sum], cx
    27 0000000C 66FFC1                  inc cx
    28 0000000F 6683F964                cmp cx, 100
    29 00000013 76ED                    jbe doloop
    30                                 
    31 00000015 668B0425[00000000]      mov ax, word[sum]
    32 0000001D 66BA0000                mov dx, 0
    33 00000021 66BBE803                mov bx, 1000
    34 00000025 66F7F3                  div bx
    35 00000028 000425[00000000]        add byte[ascii+0], al
    36 0000002F 6689D0                  mov ax, dx
    37 00000032 66BA0000                mov dx, 0
    38 00000036 66BB6400                mov bx, 100
    39 0000003A 66F7F3                  div bx
    40 0000003D 000425[01000000]        add byte[ascii+1], al
    41 00000044 6689D0                  mov ax, dx
    42 00000047 66BA0000                mov dx, 0
    43 0000004B 66BB0A00                mov bx, 10
    44 0000004F 66F7F3                  div bx
    45 00000052 000425[02000000]        add byte[ascii+2], al
    46 00000059 6689D0                  mov ax, dx
    47 0000005C 66BA0000                mov dx, 0
    48 00000060 66BB0100                mov bx, 1
    49 00000064 66F7F3                  div bx
    50 00000067 000425[03000000]        add byte[ascii+3], al
    51 0000006E C60425[04000000]0A      mov byte[ascii+4], 10
    52                                 
    53 00000076 48C7C001000000          mov rax, 1
    54 0000007D 48C7C701000000          mov rdi, 1
    55 00000084 48C7C6[00000000]        mov rsi, str1
    56 0000008B 48C7C216000000          mov rdx, 22
    57 00000092 0F05                    syscall
    58                                 
    59 00000094 48C7C001000000          mov rax, 1
    60 0000009B 48C7C701000000          mov rdi, 1
    61 000000A2 48C7C6[00000000]        mov rsi, ascii
    62 000000A9 48C7C205000000          mov rdx, 5
    63 000000B0 0F05                    syscall
    64                                 
    65 000000B2 48C7C03C000000          mov rax, 60
    66 000000B9 48C7C600000000          mov rsi, 0
    67 000000C0 0F05                    syscall
