     1                                 %line 8+1 main.asm
     2                                 
     3                                 %line 16+1 main.asm
     4                                 
     5                                 [section .bss]
     6 00000000 <gap>                   buffer resb 10
     7 0000000A <gap>                   num resw 1
     8 0000000C <gap>                   result resw 1
     9                                 
    10                                 [section .data]
    11 00000000 456E746572204F7065-     msg1 db "Enter Operations String: "
    12 00000000 726174696F6E732053-
    13 00000000 7472696E673A20     
    14 00000019 203D20                  msg2 db " = "
    15 0000001C 3030300A                ascii db "000", 10
    16                                 
    17                                 [section .text]
    18                                 [global _start]
    19                                 
    20                                 _start:
    21 00000000 48C7C001000000          mov rax, 1
    22                                 %line 31+0 main.asm
    23 00000007 48C7C701000000          mov rdi, 1
    24 0000000E 48C7C6[00000000]        mov rsi, msg1
    25 00000015 48C7C219000000          mov rdx, 25
    26 0000001C 0F05                    syscall
    27                                 %line 32+1 main.asm
    28 0000001E 48C7C000000000          mov rax, 0
    29                                 %line 32+0 main.asm
    30 00000025 48C7C700000000          mov rdi, 0
    31 0000002C 48C7C6[00000000]        mov rsi, buffer
    32 00000033 48C7C20A000000          mov rdx, 10
    33 0000003A 0F05                    syscall
    34                                 %line 33+1 main.asm
    35                                 
    36 0000003C 66BB0A00                mov bx, 10
    37 00000040 48C7C600000000          mov rsi, 0
    38 00000047 66B80000                mov ax, 0
    39                                 
    40                                 next0:
    41 0000004B 8A8E[00000000]          mov cl,byte[buffer+rsi]
    42 00000051 80A6[00000000]0F        and byte[buffer+rsi], 0f
    43 00000058 0286[00000000]          add al, byte[buffer+rsi]
    44 0000005E 80D400                  adc ah, 0
    45 00000061 888E[00000000]          mov byte[buffer+rsi], cl
    46 00000067 4883FE02                cmp rsi, 2
    47 0000006B 7401                    je skip0
    48 0000006D 66F7E3                  mul bx
    49                                 
    50                                 skip0:
    51 00000070 48FFC6                  inc rsi
    52 00000073 4883FE03                cmp rsi, 3
    53 00000077 7CD0                    jl next0
    54 00000079 66890425[00000000]      mov word[num], ax
    55                                 
    56 00000081 48C7C704000000          mov rdi, 4
    57 00000088 668B0425[00000000]      mov ax, word[result]
    58                                 
    59                                 next2:
    60 00000090 66BA0000                mov dx, 0
    61 00000094 66BB0A00                mov bx, 10
    62 00000098 66F7F3                  div bx
    63 0000009B 0097[00000000]          add byte[ascii+rdi], dl
    64 000000A1 48FFCF                  dec rdi
    65 000000A4 4883FF00                cmp rdi, 0
    66 000000A8 7DE4                    jge next2
    67                                 
    68 000000AA 48C7C001000000          mov rax, 1
    69                                 %line 66+0 main.asm
    70 000000B1 48C7C701000000          mov rdi, 1
    71 000000B8 48C7C6[00000000]        mov rsi, buffer
    72 000000BF 48C7C209000000          mov rdx, 9
    73 000000C6 0F05                    syscall
    74                                 %line 67+1 main.asm
    75 000000C8 48C7C001000000          mov rax, 1
    76                                 %line 67+0 main.asm
    77 000000CF 48C7C701000000          mov rdi, 1
    78 000000D6 48C7C6[00000000]        mov rsi, msg2
    79 000000DD 48C7C203000000          mov rdx, 3
    80 000000E4 0F05                    syscall
    81                                 %line 68+1 main.asm
    82 000000E6 48C7C001000000          mov rax, 1
    83                                 %line 68+0 main.asm
    84 000000ED 48C7C701000000          mov rdi, 1
    85 000000F4 48C7C6[00000000]        mov rsi, ascii
    86 000000FB 48C7C203000000          mov rdx, 3
    87 00000102 0F05                    syscall
    88                                 %line 69+1 main.asm
    89                                 
    90 00000104 48C7C03C000000          mov rax, 60
    91 0000010B 48C7C700000000          mov rdi, 0
    92 00000112 0F05                    syscall
